This is pdfTeX, Version 3.14159265-2.6-1.40.18 (TeX Live 2017) (preloaded format=pdflatex 2018.3.31)  24 FEB 2021 10:07
entering extended mode
 restricted \write18 enabled.
 file:line:error style messages enabled.
 %&-line parsing enabled.
**Ridge-final.tex
(./Ridge-final.tex
LaTeX2e <2017-04-15>
Babel <3.10> and hyphenation patterns for 84 language(s) loaded.
(./imsart.cls
Document Class: imsart 2020/08/23 driver class for package imsart.sty
(/usr/local/texlive/2017/texmf-dist/tex/latex/base/article.cls
Document Class: article 2014/09/29 v1.4h Standard LaTeX document class
(/usr/local/texlive/2017/texmf-dist/tex/latex/base/leqno.clo
File: leqno.clo 2016/12/29 v1.2a Standard LaTeX option (left equation numbers)
)
(/usr/local/texlive/2017/texmf-dist/tex/latex/base/size11.clo
File: size11.clo 2014/09/29 v1.4h Standard LaTeX file (size option)
)
\c@part=\count79
\c@section=\count80
\c@subsection=\count81
\c@subsubsection=\count82
\c@paragraph=\count83
\c@subparagraph=\count84
\c@figure=\count85
\c@table=\count86
\abovecaptionskip=\skip41
\belowcaptionskip=\skip42
\bibindent=\dimen102
) (./imsart.sty
File: imsart.sty 2020/11/02 IMS article style

(/usr/local/texlive/2017/texmf-dist/tex/latex/etoolbox/etoolbox.sty
Package: etoolbox 2017/01/02 v2.4 e-TeX tools for LaTeX (JAW)
\etb@tempcnta=\count87
)
No file imsart.cnf.
(/usr/local/texlive/2017/texmf-dist/tex/latex/base/leqno.clo
File: leqno.clo 2016/12/29 v1.2a Standard LaTeX option (left equation numbers)
)
\c@firstpage=\count88
\c@lastpage=\count89
\c@thanks=\count90
\c@addressref=\count91

(/usr/local/texlive/2017/texmf-dist/tex/latex/graphics/keyval.sty
Package: keyval 2014/10/28 v1.15 key=value parser (DPC)
\KV@toks@=\toks14
)
\c@emailref=\count92
\c@author=\count93
\c@address=\count94
\sv@mathsurround=\dimen103
\sv@parindent=\dimen104
\fm@box=\box26
\fm@size=\dimen105
\t@xtheight=\dimen106
\abstract@box=\box27
\keyword@box=\box28
\pre@kwd@depth=\dimen107
\keyword@toks=\toks15

(/usr/local/texlive/2017/texmf-dist/tex/latex/base/fontenc.sty
Package: fontenc 2017/04/05 v2.0i Standard LaTeX package

(/usr/local/texlive/2017/texmf-dist/tex/latex/base/t1enc.def
File: t1enc.def 2017/04/05 v2.0i Standard LaTeX file
LaTeX Font Info:    Redeclaring font encoding T1 on input line 48.
))
(/usr/local/texlive/2017/texmf-dist/tex/latex/psnfss/times.sty
Package: times 2005/04/12 PSNFSS-v9.2a (SPQR) 
)
(/usr/local/texlive/2017/texmf-dist/tex/latex/psnfss/helvet.sty
Package: helvet 2005/04/12 PSNFSS-v9.2a (WaS) 
)
(/usr/local/texlive/2017/texmf-dist/tex/latex/base/textcomp.sty
Package: textcomp 2017/04/05 v2.0i Standard LaTeX package
Package textcomp Info: Sub-encoding information:
(textcomp)               5 = only ISO-Adobe without \textcurrency
(textcomp)               4 = 5 + \texteuro
(textcomp)               3 = 4 + \textohm
(textcomp)               2 = 3 + \textestimated + \textcurrency
(textcomp)               1 = TS1 - \textcircled - \t
(textcomp)               0 = TS1 (full)
(textcomp)             Font families with sub-encoding setting implement
(textcomp)             only a restricted character set as indicated.
(textcomp)             Family '?' is the default used for unknown fonts.
(textcomp)             See the documentation for details.
Package textcomp Info: Setting ? sub-encoding to TS1/1 on input line 79.

(/usr/local/texlive/2017/texmf-dist/tex/latex/base/ts1enc.def
File: ts1enc.def 2001/06/05 v3.0e (jk/car/fm) Standard LaTeX file
)
LaTeX Info: Redefining \oldstylenums on input line 334.
Package textcomp Info: Setting cmr sub-encoding to TS1/0 on input line 349.
Package textcomp Info: Setting cmss sub-encoding to TS1/0 on input line 350.
Package textcomp Info: Setting cmtt sub-encoding to TS1/0 on input line 351.
Package textcomp Info: Setting cmvtt sub-encoding to TS1/0 on input line 352.
Package textcomp Info: Setting cmbr sub-encoding to TS1/0 on input line 353.
Package textcomp Info: Setting cmtl sub-encoding to TS1/0 on input line 354.
Package textcomp Info: Setting ccr sub-encoding to TS1/0 on input line 355.
Package textcomp Info: Setting ptm sub-encoding to TS1/4 on input line 356.
Package textcomp Info: Setting pcr sub-encoding to TS1/4 on input line 357.
Package textcomp Info: Setting phv sub-encoding to TS1/4 on input line 358.
Package textcomp Info: Setting ppl sub-encoding to TS1/3 on input line 359.
Package textcomp Info: Setting pag sub-encoding to TS1/4 on input line 360.
Package textcomp Info: Setting pbk sub-encoding to TS1/4 on input line 361.
Package textcomp Info: Setting pnc sub-encoding to TS1/4 on input line 362.
Package textcomp Info: Setting pzc sub-encoding to TS1/4 on input line 363.
Package textcomp Info: Setting bch sub-encoding to TS1/4 on input line 364.
Package textcomp Info: Setting put sub-encoding to TS1/5 on input line 365.
Package textcomp Info: Setting uag sub-encoding to TS1/5 on input line 366.
Package textcomp Info: Setting ugq sub-encoding to TS1/5 on input line 367.
Package textcomp Info: Setting ul8 sub-encoding to TS1/4 on input line 368.
Package textcomp Info: Setting ul9 sub-encoding to TS1/4 on input line 369.
Package textcomp Info: Setting augie sub-encoding to TS1/5 on input line 370.
Package textcomp Info: Setting dayrom sub-encoding to TS1/3 on input line 371.
Package textcomp Info: Setting dayroms sub-encoding to TS1/3 on input line 372.

Package textcomp Info: Setting pxr sub-encoding to TS1/0 on input line 373.
Package textcomp Info: Setting pxss sub-encoding to TS1/0 on input line 374.
Package textcomp Info: Setting pxtt sub-encoding to TS1/0 on input line 375.
Package textcomp Info: Setting txr sub-encoding to TS1/0 on input line 376.
Package textcomp Info: Setting txss sub-encoding to TS1/0 on input line 377.
Package textcomp Info: Setting txtt sub-encoding to TS1/0 on input line 378.
Package textcomp Info: Setting lmr sub-encoding to TS1/0 on input line 379.
Package textcomp Info: Setting lmdh sub-encoding to TS1/0 on input line 380.
Package textcomp Info: Setting lmss sub-encoding to TS1/0 on input line 381.
Package textcomp Info: Setting lmssq sub-encoding to TS1/0 on input line 382.
Package textcomp Info: Setting lmvtt sub-encoding to TS1/0 on input line 383.
Package textcomp Info: Setting lmtt sub-encoding to TS1/0 on input line 384.
Package textcomp Info: Setting qhv sub-encoding to TS1/0 on input line 385.
Package textcomp Info: Setting qag sub-encoding to TS1/0 on input line 386.
Package textcomp Info: Setting qbk sub-encoding to TS1/0 on input line 387.
Package textcomp Info: Setting qcr sub-encoding to TS1/0 on input line 388.
Package textcomp Info: Setting qcs sub-encoding to TS1/0 on input line 389.
Package textcomp Info: Setting qpl sub-encoding to TS1/0 on input line 390.
Package textcomp Info: Setting qtm sub-encoding to TS1/0 on input line 391.
Package textcomp Info: Setting qzc sub-encoding to TS1/0 on input line 392.
Package textcomp Info: Setting qhvc sub-encoding to TS1/0 on input line 393.
Package textcomp Info: Setting futs sub-encoding to TS1/4 on input line 394.
Package textcomp Info: Setting futx sub-encoding to TS1/4 on input line 395.
Package textcomp Info: Setting futj sub-encoding to TS1/4 on input line 396.
Package textcomp Info: Setting hlh sub-encoding to TS1/3 on input line 397.
Package textcomp Info: Setting hls sub-encoding to TS1/3 on input line 398.
Package textcomp Info: Setting hlst sub-encoding to TS1/3 on input line 399.
Package textcomp Info: Setting hlct sub-encoding to TS1/5 on input line 400.
Package textcomp Info: Setting hlx sub-encoding to TS1/5 on input line 401.
Package textcomp Info: Setting hlce sub-encoding to TS1/5 on input line 402.
Package textcomp Info: Setting hlcn sub-encoding to TS1/5 on input line 403.
Package textcomp Info: Setting hlcw sub-encoding to TS1/5 on input line 404.
Package textcomp Info: Setting hlcf sub-encoding to TS1/5 on input line 405.
Package textcomp Info: Setting pplx sub-encoding to TS1/3 on input line 406.
Package textcomp Info: Setting pplj sub-encoding to TS1/3 on input line 407.
Package textcomp Info: Setting ptmx sub-encoding to TS1/4 on input line 408.
Package textcomp Info: Setting ptmj sub-encoding to TS1/4 on input line 409.
)
(/usr/local/texlive/2017/texmf-dist/tex/latex/textcase/textcase.sty
Package: textcase 2004/10/07 v0.07 Text only upper/lower case changing (DPC)
)
LaTeX Font Info:    Try loading font information for T1+ptm on input line 2468.


(/usr/local/texlive/2017/texmf-dist/tex/latex/psnfss/t1ptm.fd
File: t1ptm.fd 2001/06/04 font definitions for T1/ptm.
)
\c@longlist=\count95
\mathindent=\skip43
\authors@list=\toks16
\keywords@list=\toks17

No file imsart-aos.cnf.
No file imsart-vtex.cnf.
)) (/usr/local/texlive/2017/texmf-dist/tex/latex/amscls/amsthm.sty
Package: amsthm 2015/03/04 v2.20.2
\thm@style=\toks18
\thm@bodyfont=\toks19
\thm@headfont=\toks20
\thm@notefont=\toks21
\thm@headpunct=\toks22
\thm@preskip=\skip44
\thm@postskip=\skip45
\thm@headsep=\skip46
\dth@everypar=\toks23
)
(/usr/local/texlive/2017/texmf-dist/tex/latex/amsmath/amsmath.sty
Package: amsmath 2016/11/05 v2.16a AMS math features
\@mathmargin=\skip47

For additional information on amsmath, use the `?' option.
(/usr/local/texlive/2017/texmf-dist/tex/latex/amsmath/amstext.sty
Package: amstext 2000/06/29 v2.01 AMS text

(/usr/local/texlive/2017/texmf-dist/tex/latex/amsmath/amsgen.sty
File: amsgen.sty 1999/11/30 v2.0 generic functions
\@emptytoks=\toks24
\ex@=\dimen108
))
(/usr/local/texlive/2017/texmf-dist/tex/latex/amsmath/amsbsy.sty
Package: amsbsy 1999/11/29 v1.2d Bold Symbols
\pmbraise@=\dimen109
)
(/usr/local/texlive/2017/texmf-dist/tex/latex/amsmath/amsopn.sty
Package: amsopn 2016/03/08 v2.02 operator names
)
\inf@bad=\count96
LaTeX Info: Redefining \frac on input line 213.
\uproot@=\count97
\leftroot@=\count98
LaTeX Info: Redefining \overline on input line 375.
\classnum@=\count99
\DOTSCASE@=\count100
LaTeX Info: Redefining \ldots on input line 472.
LaTeX Info: Redefining \dots on input line 475.
LaTeX Info: Redefining \cdots on input line 596.
\Mathstrutbox@=\box29
\strutbox@=\box30
\big@size=\dimen110
LaTeX Font Info:    Redeclaring font encoding OML on input line 712.
LaTeX Font Info:    Redeclaring font encoding OMS on input line 713.
\macc@depth=\count101
\c@MaxMatrixCols=\count102
\dotsspace@=\muskip10
\c@parentequation=\count103
\dspbrk@lvl=\count104
\tag@help=\toks25
\row@=\count105
\column@=\count106
\maxfields@=\count107
\andhelp@=\toks26
\eqnshift@=\dimen111
\alignsep@=\dimen112
\tagshift@=\dimen113
\tagwidth@=\dimen114
\totwidth@=\dimen115
\lineht@=\dimen116
\@envbody=\toks27
\multlinegap=\skip48
\multlinetaggap=\skip49
\mathdisplay@stack=\toks28
LaTeX Info: Redefining \[ on input line 2817.
LaTeX Info: Redefining \] on input line 2818.
)
(/usr/local/texlive/2017/texmf-dist/tex/latex/amsfonts/amsfonts.sty
Package: amsfonts 2013/01/14 v3.01 Basic AMSFonts support
\symAMSa=\mathgroup4
\symAMSb=\mathgroup5
LaTeX Font Info:    Overwriting math alphabet `\mathfrak' in version `bold'
(Font)                  U/euf/m/n --> U/euf/b/n on input line 106.
)
(/usr/local/texlive/2017/texmf-dist/tex/latex/amsfonts/amssymb.sty
Package: amssymb 2013/01/14 v3.01 AMS font symbols
)
(/usr/local/texlive/2017/texmf-dist/tex/latex/multirow/multirow.sty
Package: multirow 2016/11/25 v2.2 Span multiple rows of a table
\multirow@colwidth=\skip50
\multirow@cntb=\count108
\multirow@dima=\skip51
\bigstrutjot=\dimen117
)
(/usr/local/texlive/2017/texmf-dist/tex/latex/bbm-macros/bbm.sty
Package: bbm 1999/03/15 V 1.2 provides fonts for set symbols - TH
LaTeX Font Info:    Overwriting math alphabet `\mathbbm' in version `bold'
(Font)                  U/bbm/m/n --> U/bbm/bx/n on input line 33.
LaTeX Font Info:    Overwriting math alphabet `\mathbbmss' in version `bold'
(Font)                  U/bbmss/m/n --> U/bbmss/bx/n on input line 35.
)
(/usr/local/texlive/2017/texmf-dist/tex/latex/natbib/natbib.sty
Package: natbib 2010/09/13 8.31b (PWD, AO)
\bibhang=\skip52
\bibsep=\skip53
LaTeX Info: Redefining \cite on input line 694.
\c@NAT@ctr=\count109
)
(/usr/local/texlive/2017/texmf-dist/tex/latex/hyperref/hyperref.sty
Package: hyperref 2017/03/14 v6.85a Hypertext links for LaTeX

(/usr/local/texlive/2017/texmf-dist/tex/generic/oberdiek/hobsub-hyperref.sty
Package: hobsub-hyperref 2016/05/16 v1.14 Bundle oberdiek, subset hyperref (HO)


(/usr/local/texlive/2017/texmf-dist/tex/generic/oberdiek/hobsub-generic.sty
Package: hobsub-generic 2016/05/16 v1.14 Bundle oberdiek, subset generic (HO)
Package: hobsub 2016/05/16 v1.14 Construct package bundles (HO)
Package: infwarerr 2016/05/16 v1.4 Providing info/warning/error messages (HO)
Package: ltxcmds 2016/05/16 v1.23 LaTeX kernel commands for general use (HO)
Package: ifluatex 2016/05/16 v1.4 Provides the ifluatex switch (HO)
Package ifluatex Info: LuaTeX not detected.
Package: ifvtex 2016/05/16 v1.6 Detect VTeX and its facilities (HO)
Package ifvtex Info: VTeX not detected.
Package: intcalc 2016/05/16 v1.2 Expandable calculations with integers (HO)
Package: ifpdf 2017/03/15 v3.2 Provides the ifpdf switch
Package: etexcmds 2016/05/16 v1.6 Avoid name clashes with e-TeX commands (HO)
Package etexcmds Info: Could not find \expanded.
(etexcmds)             That can mean that you are not using pdfTeX 1.50 or
(etexcmds)             that some package has redefined \expanded.
(etexcmds)             In the latter case, load this package earlier.
Package: kvsetkeys 2016/05/16 v1.17 Key value parser (HO)
Package: kvdefinekeys 2016/05/16 v1.4 Define keys (HO)
Package: pdftexcmds 2017/03/19 v0.25 Utility functions of pdfTeX for LuaTeX (HO
)
Package pdftexcmds Info: LuaTeX not detected.
Package pdftexcmds Info: \pdf@primitive is available.
Package pdftexcmds Info: \pdf@ifprimitive is available.
Package pdftexcmds Info: \pdfdraftmode found.
Package: pdfescape 2016/05/16 v1.14 Implements pdfTeX's escape features (HO)
Package: bigintcalc 2016/05/16 v1.4 Expandable calculations on big integers (HO
)
Package: bitset 2016/05/16 v1.2 Handle bit-vector datatype (HO)
Package: uniquecounter 2016/05/16 v1.3 Provide unlimited unique counter (HO)
)
Package hobsub Info: Skipping package `hobsub' (already loaded).
Package: letltxmacro 2016/05/16 v1.5 Let assignment for LaTeX macros (HO)
Package: hopatch 2016/05/16 v1.3 Wrapper for package hooks (HO)
Package: xcolor-patch 2016/05/16 xcolor patch
Package: atveryend 2016/05/16 v1.9 Hooks at the very end of document (HO)
Package: atbegshi 2016/06/09 v1.18 At begin shipout hook (HO)
Package: refcount 2016/05/16 v3.5 Data extraction from label references (HO)
Package: hycolor 2016/05/16 v1.8 Color options for hyperref/bookmark (HO)
)
(/usr/local/texlive/2017/texmf-dist/tex/generic/ifxetex/ifxetex.sty
Package: ifxetex 2010/09/12 v0.6 Provides ifxetex conditional
)
(/usr/local/texlive/2017/texmf-dist/tex/latex/oberdiek/auxhook.sty
Package: auxhook 2016/05/16 v1.4 Hooks for auxiliary files (HO)
)
(/usr/local/texlive/2017/texmf-dist/tex/latex/oberdiek/kvoptions.sty
Package: kvoptions 2016/05/16 v3.12 Key value format for package options (HO)
)
\@linkdim=\dimen118
\Hy@linkcounter=\count110
\Hy@pagecounter=\count111

(/usr/local/texlive/2017/texmf-dist/tex/latex/hyperref/pd1enc.def
File: pd1enc.def 2017/03/14 v6.85a Hyperref: PDFDocEncoding definition (HO)
)
\Hy@SavedSpaceFactor=\count112

(/usr/local/texlive/2017/texmf-dist/tex/latex/latexconfig/hyperref.cfg
File: hyperref.cfg 2002/06/06 v1.2 hyperref configuration of TeXLive
)
Package hyperref Info: Option `colorlinks' set `true' on input line 4374.
Package hyperref Info: Option `linktocpage' set `true' on input line 4374.
Package hyperref Info: Option `colorlinks' set `true' on input line 4374.
Package hyperref Info: Hyper figures OFF on input line 4498.
Package hyperref Info: Link nesting OFF on input line 4503.
Package hyperref Info: Hyper index ON on input line 4506.
Package hyperref Info: Plain pages OFF on input line 4513.
Package hyperref Info: Backreferencing OFF on input line 4518.
Package hyperref Info: Implicit mode ON; LaTeX internals redefined.
Package hyperref Info: Bookmarks ON on input line 4751.
\c@Hy@tempcnt=\count113

(/usr/local/texlive/2017/texmf-dist/tex/latex/url/url.sty
\Urlmuskip=\muskip11
Package: url 2013/09/16  ver 3.4  Verb mode for urls, etc.
)
LaTeX Info: Redefining \url on input line 5104.
\XeTeXLinkMargin=\dimen119
\Fld@menulength=\count114
\Field@Width=\dimen120
\Fld@charsize=\dimen121
Package hyperref Info: Hyper figures OFF on input line 6358.
Package hyperref Info: Link nesting OFF on input line 6363.
Package hyperref Info: Hyper index ON on input line 6366.
Package hyperref Info: backreferencing OFF on input line 6373.
Package hyperref Info: Link coloring ON on input line 6376.
Package hyperref Info: Link coloring with OCG OFF on input line 6383.
Package hyperref Info: PDF/A mode OFF on input line 6388.
LaTeX Info: Redefining \ref on input line 6428.
LaTeX Info: Redefining \pageref on input line 6432.
\Hy@abspage=\count115
\c@Item=\count116
\c@Hfootnote=\count117
)

Package hyperref Message: Driver (autodetected): hpdftex.

(/usr/local/texlive/2017/texmf-dist/tex/latex/hyperref/hpdftex.def
File: hpdftex.def 2017/03/14 v6.85a Hyperref driver for pdfTeX
\Fld@listcount=\count118
\c@bookmark@seq@number=\count119

(/usr/local/texlive/2017/texmf-dist/tex/latex/oberdiek/rerunfilecheck.sty
Package: rerunfilecheck 2016/05/16 v1.8 Rerun checks for auxiliary files (HO)
Package uniquecounter Info: New unique counter `rerunfilecheck' on input line 2
82.
)
\Hy@SectionHShift=\skip54
)
(/usr/local/texlive/2017/texmf-dist/tex/latex/graphics/graphicx.sty
Package: graphicx 2014/10/28 v1.0g Enhanced LaTeX Graphics (DPC,SPQR)

(/usr/local/texlive/2017/texmf-dist/tex/latex/graphics/graphics.sty
Package: graphics 2017/04/14 v1.1b Standard LaTeX Graphics (DPC,SPQR)

(/usr/local/texlive/2017/texmf-dist/tex/latex/graphics/trig.sty
Package: trig 2016/01/03 v1.10 sin cos tan (DPC)
)
(/usr/local/texlive/2017/texmf-dist/tex/latex/graphics-cfg/graphics.cfg
File: graphics.cfg 2016/06/04 v1.11 sample graphics configuration
)
Package graphics Info: Driver file: pdftex.def on input line 99.

(/usr/local/texlive/2017/texmf-dist/tex/latex/graphics-def/pdftex.def
File: pdftex.def 2017/01/12 v0.06k Graphics/color for pdfTeX
\Gread@gobject=\count120
))
\Gin@req@height=\dimen122
\Gin@req@width=\dimen123
)
(/usr/local/texlive/2017/texmf-dist/tex/latex/oberdiek/epstopdf.sty
Package: epstopdf 2016/05/15 v2.6 Conversion with epstopdf on the fly (HO)

(/usr/local/texlive/2017/texmf-dist/tex/latex/oberdiek/epstopdf-base.sty
Package: epstopdf-base 2016/05/15 v2.6 Base part for package epstopdf

(/usr/local/texlive/2017/texmf-dist/tex/latex/oberdiek/grfext.sty
Package: grfext 2016/05/16 v1.2 Manage graphics extensions (HO)
)
Package epstopdf-base Info: Redefining graphics rule for `.eps' on input line 4
38.
Package grfext Info: Graphics extension search list:
(grfext)             [.png,.pdf,.jpg,.mps,.jpeg,.jbig2,.jb2,.PNG,.PDF,.JPG,.JPE
G,.JBIG2,.JB2,.eps]
(grfext)             \AppendGraphicsExtensions on input line 456.

(/usr/local/texlive/2017/texmf-dist/tex/latex/latexconfig/epstopdf-sys.cfg
File: epstopdf-sys.cfg 2010/07/13 v1.3 Configuration of (r)epstopdf for TeX Liv
e
)))
(/usr/local/texlive/2017/texmf-dist/tex/latex/soul/soul.sty
Package: soul 2003/11/17 v2.4 letterspacing/underlining (mf)
\SOUL@word=\toks29
\SOUL@lasttoken=\toks30
\SOUL@cmds=\toks31
\SOUL@buffer=\toks32
\SOUL@token=\toks33
\SOUL@spaceskip=\skip55
\SOUL@ttwidth=\dimen124
\SOUL@uldp=\dimen125
\SOUL@ulht=\dimen126
)
\c@axiom=\count121
\c@theorem=\count122


LaTeX Warning: Unused global option(s):
    [preprint].

(./Ridge-final.aux

LaTeX Warning: Label `margin' multiply defined.


LaTeX Warning: Label `result_compare' multiply defined.

)
\openout1 = `Ridge-final.aux'.

LaTeX Font Info:    Checking defaults for OML/cmm/m/it on input line 50.
LaTeX Font Info:    ... okay on input line 50.
LaTeX Font Info:    Checking defaults for T1/cmr/m/n on input line 50.
LaTeX Font Info:    ... okay on input line 50.
LaTeX Font Info:    Checking defaults for OT1/cmr/m/n on input line 50.
LaTeX Font Info:    ... okay on input line 50.
LaTeX Font Info:    Checking defaults for OMS/cmsy/m/n on input line 50.
LaTeX Font Info:    ... okay on input line 50.
LaTeX Font Info:    Checking defaults for OMX/cmex/m/n on input line 50.
LaTeX Font Info:    ... okay on input line 50.
LaTeX Font Info:    Checking defaults for U/cmr/m/n on input line 50.
LaTeX Font Info:    ... okay on input line 50.
LaTeX Font Info:    Checking defaults for TS1/cmr/m/n on input line 50.
LaTeX Font Info:    Try loading font information for TS1+cmr on input line 50.
 (/usr/local/texlive/2017/texmf-dist/tex/latex/base/ts1cmr.fd
File: ts1cmr.fd 2014/09/29 v2.5h Standard LaTeX font definitions
)
LaTeX Font Info:    ... okay on input line 50.
LaTeX Font Info:    Checking defaults for PD1/pdf/m/n on input line 50.
LaTeX Font Info:    ... okay on input line 50.
\AtBeginShipoutBox=\box31

(/usr/local/texlive/2017/texmf-dist/tex/latex/graphics/color.sty
Package: color 2016/07/10 v1.1e Standard LaTeX Color (DPC)

(/usr/local/texlive/2017/texmf-dist/tex/latex/graphics-cfg/color.cfg
File: color.cfg 2016/01/02 v1.6 sample color configuration
)
Package color Info: Driver file: pdftex.def on input line 147.
)
Package hyperref Info: Link coloring ON on input line 50.

(/usr/local/texlive/2017/texmf-dist/tex/latex/hyperref/nameref.sty
Package: nameref 2016/05/21 v2.44 Cross-referencing by name of section

(/usr/local/texlive/2017/texmf-dist/tex/generic/oberdiek/gettitlestring.sty
Package: gettitlestring 2016/05/16 v1.5 Cleanup title references (HO)
)
\c@section@level=\count123
)
LaTeX Info: Redefining \ref on input line 50.
LaTeX Info: Redefining \pageref on input line 50.
LaTeX Info: Redefining \nameref on input line 50.

(./Ridge-final.out) (./Ridge-final.out)
\@outlinefile=\write3
\openout3 = `Ridge-final.out'.


(/usr/local/texlive/2017/texmf-dist/tex/context/base/mkii/supp-pdf.mkii
[Loading MPS to PDF converter (version 2006.09.02).]
\scratchcounter=\count124
\scratchdimen=\dimen127
\scratchbox=\box32
\nofMPsegments=\count125
\nofMParguments=\count126
\everyMPshowfont=\toks34
\MPscratchCnt=\count127
\MPscratchDim=\dimen128
\MPnumerator=\count128
\makeMPintoPDFobject=\count129
\everyMPtoPDFconversion=\toks35
)
LaTeX Font Info:    Font shape `T1/ptm/bx/n' in size <11> not available
(Font)              Font shape `T1/ptm/b/n' tried instead on input line 53.
LaTeX Font Info:    Calculating math sizes for size <11> on input line 53.


LaTeX Font Warning: Font shape `OT1/cmr/m/n' in size <5.5> not available
(Font)              size <5> substituted on input line 53.


LaTeX Font Warning: Font shape `OML/cmm/m/it' in size <5.5> not available
(Font)              size <5> substituted on input line 53.


LaTeX Font Warning: Font shape `OMS/cmsy/m/n' in size <5.5> not available
(Font)              size <5> substituted on input line 53.

LaTeX Font Info:    Try loading font information for U+msa on input line 53.
(/usr/local/texlive/2017/texmf-dist/tex/latex/amsfonts/umsa.fd
File: umsa.fd 2013/01/14 v3.01 AMS symbols A
)
LaTeX Font Info:    Try loading font information for U+msb on input line 53.

(/usr/local/texlive/2017/texmf-dist/tex/latex/amsfonts/umsb.fd
File: umsb.fd 2013/01/14 v3.01 AMS symbols B
)
LaTeX Font Info:    Try loading font information for TS1+ptm on input line 66.

(/usr/local/texlive/2017/texmf-dist/tex/latex/psnfss/ts1ptm.fd
File: ts1ptm.fd 2001/06/04 font definitions for TS1/ptm.
) [1{/usr/local/texlive/2017/texmf-var/fonts/map/pdftex/updmap/pdftex.map}

]

Package hyperref Warning: Token not allowed in a PDF string (PDFDocEncoding):
(hyperref)                removing `math shift' on input line 174.


Package hyperref Warning: Token not allowed in a PDF string (PDFDocEncoding):
(hyperref)                removing `math shift' on input line 174.

[2] [3]

Package hyperref Warning: Token not allowed in a PDF string (PDFDocEncoding):
(hyperref)                removing `math shift' on input line 261.


Package hyperref Warning: Token not allowed in a PDF string (PDFDocEncoding):
(hyperref)                removing `subscript' on input line 261.


Package hyperref Warning: Token not allowed in a PDF string (PDFDocEncoding):
(hyperref)                removing `math shift' on input line 261.

LaTeX Font Info:    Try loading font information for U+bbm on input line 271.
(/usr/local/texlive/2017/texmf-dist/tex/latex/bbm-macros/ubbm.fd
File: ubbm.fd 1999/03/15 V 1.2 Font definition for bbm font - TH
)

LaTeX Font Warning: Font shape `U/bbm/m/n' in size <5.5> not available
(Font)              size <5> substituted on input line 271.

[4] [5]
Package epstopdf Info: Source file: <field_demo.eps>
(epstopdf)                    date: 2020-10-17 13:15:17
(epstopdf)                    size: 84186 bytes
(epstopdf)             Output file: <field_demo-eps-converted-to.pdf>
(epstopdf)                    date: 2020-10-17 13:15:26
(epstopdf)                    size: 21651 bytes
(epstopdf)             Command: <repstopdf --outfile=field_demo-eps-converted-t
o.pdf field_demo.eps>
(epstopdf)             \includegraphics on input line 332.
Package epstopdf Info: Output file is already uptodate.
 <field_demo-eps-converted-to.pdf, id=309, 1002.74625pt x 388.45125pt>
File: field_demo-eps-converted-to.pdf Graphic file (type pdf)

<use field_demo-eps-converted-to.pdf>
Package pdftex.def Info: field_demo-eps-converted-to.pdf used on input line 332
.
(pdftex.def)             Requested size: 406.0pt x 157.2804pt.


LaTeX Warning: `h' float specifier changed to `ht'.

[6]

LaTeX Warning: `h' float specifier changed to `ht'.

[7 <./field_demo-eps-converted-to.pdf>]

LaTeX Font Warning: Font shape `OT1/cmr/bx/n' in size <5.5> not available
(Font)              size <5> substituted on input line 402.

[8]
Package epstopdf Info: Source file: <introduction_demo.eps>
(epstopdf)                    date: 2020-10-16 22:16:44
(epstopdf)                    size: 85085 bytes
(epstopdf)             Output file: <introduction_demo-eps-converted-to.pdf>
(epstopdf)                    date: 2020-10-16 22:17:03
(epstopdf)                    size: 47917 bytes
(epstopdf)             Command: <repstopdf --outfile=introduction_demo-eps-conv
erted-to.pdf introduction_demo.eps>
(epstopdf)             \includegraphics on input line 453.
Package epstopdf Info: Output file is already uptodate.
 <introduction_demo-eps-converted-to.pdf, id=370, 562.1pt x 421.575pt>
File: introduction_demo-eps-converted-to.pdf Graphic file (type pdf)

<use introduction_demo-eps-converted-to.pdf>
Package pdftex.def Info: introduction_demo-eps-converted-to.pdf used on input l
ine 453.
(pdftex.def)             Requested size: 252.94499pt x 189.70699pt.
 [9] [10 <./introduction_demo-eps-converted-to.pdf>]
Package epstopdf Info: Source file: <demoMG.eps>
(epstopdf)                    date: 2020-10-19 19:13:46
(epstopdf)                    size: 37921 bytes
(epstopdf)             Output file: <demoMG-eps-converted-to.pdf>
(epstopdf)                    date: 2020-10-19 19:14:24
(epstopdf)                    size: 18534 bytes
(epstopdf)             Command: <repstopdf --outfile=demoMG-eps-converted-to.pd
f demoMG.eps>
(epstopdf)             \includegraphics on input line 503.
Package epstopdf Info: Output file is already uptodate.

<demoMG-eps-converted-to.pdf, id=394, 795.97375pt x 389.455pt>
File: demoMG-eps-converted-to.pdf Graphic file (type pdf)

<use demoMG-eps-converted-to.pdf>
Package pdftex.def Info: demoMG-eps-converted-to.pdf used on input line 503.
(pdftex.def)             Requested size: 324.80124pt x 158.91692pt.
 [11 <./demoMG-eps-converted-to.pdf>] [12]
Underfull \hbox (badness 808) in paragraph at lines 605--606
[]\T1/ptm/m/n/11 Using the tri-an-gle in-equal-ity of ab-so-lute func-tion, we 
de-rive the up-per bound for
 []

[13] [14] [15]
Overfull \hbox (23.00102pt too wide) detected at line 694
 []$[]  \OML/cmm/m/it/10.95 B[]\OT1/cmr/m/n/10.95 (\OML/cmm/m/it/10.95 x\OMS/cm
sy/m/n/10.95 j\OML/cmm/m/it/10.95 r; h; p\OT1/cmr/m/n/10.95 ) = [] [][] \OMS/cm
sy/m/n/10.95 k\OML/cmm/m/it/10.95 u\OMS/cmsy/m/n/10.95 k[]\OML/cmm/m/it/10.95 K
\OT1/cmr/m/n/10.95 (\OML/cmm/m/it/10.95 u\OT1/cmr/m/n/10.95 )\OML/cmm/m/it/10.9
5 du \OT1/cmr/m/n/10.95 + \OMS/cmsy/m/n/10.95 j\OML/cmm/m/it/10.95 @[]@[]p\OT1/
cmr/m/n/10.95 (\OML/cmm/m/it/10.95 x\OT1/cmr/m/n/10.95 )\OMS/cmsy/m/n/10.95 j [
][] \OML/cmm/m/it/10.95 K\OT1/cmr/m/n/10.95 (\OML/cmm/m/it/10.95 u\OT1/cmr/m/n/
10.95 )\OML/cmm/m/it/10.95 du  $ 
 []

[16] [17]

Package hyperref Warning: Token not allowed in a PDF string (PDFDocEncoding):
(hyperref)                removing `math shift' on input line 817.


Package hyperref Warning: Token not allowed in a PDF string (PDFDocEncoding):
(hyperref)                removing `subscript' on input line 817.


Package hyperref Warning: Token not allowed in a PDF string (PDFDocEncoding):
(hyperref)                removing `math shift' on input line 817.

[18]

LaTeX Font Warning: Font shape `OT1/cmr/m/it' in size <5.5> not available
(Font)              size <5> substituted on input line 890.

[19]

Package hyperref Warning: Token not allowed in a PDF string (PDFDocEncoding):
(hyperref)                removing `math shift' on input line 903.


Package hyperref Warning: Token not allowed in a PDF string (PDFDocEncoding):
(hyperref)                removing `math shift' on input line 903.

[20]

LaTeX Font Warning: Font shape `OML/cmm/b/it' in size <5.5> not available
(Font)              size <5> substituted on input line 958.


LaTeX Font Warning: Font shape `OMS/cmsy/b/n' in size <5.5> not available
(Font)              size <5> substituted on input line 958.


Package hyperref Warning: Token not allowed in a PDF string (PDFDocEncoding):
(hyperref)                removing `math shift' on input line 958.


Package hyperref Warning: Token not allowed in a PDF string (PDFDocEncoding):
(hyperref)                removing `subscript' on input line 958.


Package hyperref Warning: Token not allowed in a PDF string (PDFDocEncoding):
(hyperref)                removing `math shift' on input line 958.

[21] [22]
Package epstopdf Info: Source file: <demo123.eps>
(epstopdf)                    date: 2020-10-16 22:11:03
(epstopdf)                    size: 27819 bytes
(epstopdf)             Output file: <demo123-eps-converted-to.pdf>
(epstopdf)                    date: 2020-10-16 22:11:56
(epstopdf)                    size: 7285 bytes
(epstopdf)             Command: <repstopdf --outfile=demo123-eps-converted-to.p
df demo123.eps>
(epstopdf)             \includegraphics on input line 1049.
Package epstopdf Info: Output file is already uptodate.
 <demo123-eps-converted-to.pdf, id=541, 1344.02126pt x 331.2375pt>
File: demo123-eps-converted-to.pdf Graphic file (type pdf)

<use demo123-eps-converted-to.pdf>
Package pdftex.def Info: demo123-eps-converted-to.pdf used on input line 1049.
(pdftex.def)             Requested size: 406.0pt x 100.05939pt.


Package hyperref Warning: Token not allowed in a PDF string (PDFDocEncoding):
(hyperref)                removing `math shift' on input line 1065.


Package hyperref Warning: Token not allowed in a PDF string (PDFDocEncoding):
(hyperref)                removing `subscript' on input line 1065.


Package hyperref Warning: Token not allowed in a PDF string (PDFDocEncoding):
(hyperref)                removing `math shift' on input line 1065.


Package hyperref Warning: Token not allowed in a PDF string (PDFDocEncoding):
(hyperref)                removing `math shift' on input line 1065.


Package hyperref Warning: Token not allowed in a PDF string (PDFDocEncoding):
(hyperref)                removing `subscript' on input line 1065.


Package hyperref Warning: Token not allowed in a PDF string (PDFDocEncoding):
(hyperref)                removing `math shift' on input line 1065.

[23 <./demo123-eps-converted-to.pdf>] [24] [25] [26] [27]
LaTeX Font Info:    Try loading font information for T1+pcr on input line 1268.


(/usr/local/texlive/2017/texmf-dist/tex/latex/psnfss/t1pcr.fd
File: t1pcr.fd 2001/06/04 font definitions for T1/pcr.
)
Package epstopdf Info: Source file: <compare5n.eps>
(epstopdf)                    date: 2020-11-30 13:23:05
(epstopdf)                    size: 76788 bytes
(epstopdf)             Output file: <compare5n-eps-converted-to.pdf>
(epstopdf)                    date: 2020-11-30 13:27:26
(epstopdf)                    size: 65841 bytes
(epstopdf)             Command: <repstopdf --outfile=compare5n-eps-converted-to
.pdf compare5n.eps>
(epstopdf)             \includegraphics on input line 1294.
Package epstopdf Info: Output file is already uptodate.

<compare5n-eps-converted-to.pdf, id=610, 1229.59375pt x 386.44376pt>
File: compare5n-eps-converted-to.pdf Graphic file (type pdf)

<use compare5n-eps-converted-to.pdf>
Package pdftex.def Info: compare5n-eps-converted-to.pdf used on input line 1294
.
(pdftex.def)             Requested size: 406.0pt x 127.59758pt.


LaTeX Warning: `h' float specifier changed to `ht'.

Package epstopdf Info: Source file: <vectorfield2.eps>
(epstopdf)                    date: 2020-11-30 13:27:04
(epstopdf)                    size: 171347 bytes
(epstopdf)             Output file: <vectorfield2-eps-converted-to.pdf>
(epstopdf)                    date: 2020-11-30 13:27:26
(epstopdf)                    size: 167672 bytes
(epstopdf)             Command: <repstopdf --outfile=vectorfield2-eps-converted
-to.pdf vectorfield2.eps>
(epstopdf)             \includegraphics on input line 1306.
Package epstopdf Info: Output file is already uptodate.
<vectorfield2-eps-converted-to.pdf, id=612, 1262.7175pt x 391.4625pt>
File: vectorfield2-eps-converted-to.pdf Graphic file (type pdf)

<use vectorfield2-eps-converted-to.pdf>
Package pdftex.def Info: vectorfield2-eps-converted-to.pdf used on input line 1
306.
(pdftex.def)             Requested size: 406.0pt x 125.86787pt.


LaTeX Warning: `h' float specifier changed to `ht'.

[28] [29 <./compare5n-eps-converted-to.pdf> <./vectorfield2-eps-converted-to.pd
f>]
Package epstopdf Info: Source file: <circle8n.eps>
(epstopdf)                    date: 2021-02-23 11:59:32
(epstopdf)                    size: 177009 bytes
(epstopdf)             Output file: <circle8n-eps-converted-to.pdf>
(epstopdf)                    date: 2021-02-23 11:59:46
(epstopdf)                    size: 101948 bytes
(epstopdf)             Command: <repstopdf --outfile=circle8n-eps-converted-to.
pdf circle8n.eps>
(epstopdf)             \includegraphics on input line 1324.
Package epstopdf Info: Output file is already uptodate.
 <circle8n-eps-converted-to.pdf, id=640, 860.21375pt x 558.085pt>
File: circle8n-eps-converted-to.pdf Graphic file (type pdf)

<use circle8n-eps-converted-to.pdf>
Package pdftex.def Info: circle8n-eps-converted-to.pdf used on input line 1324.

(pdftex.def)             Requested size: 406.0pt x 263.40703pt.
Package epstopdf Info: Source file: <sphere8.eps>
(epstopdf)                    date: 2021-02-23 10:18:13
(epstopdf)                    size: 175322 bytes
(epstopdf)             Output file: <sphere8-eps-converted-to.pdf>
(epstopdf)                    date: 2021-02-23 10:18:39
(epstopdf)                    size: 102366 bytes
(epstopdf)             Command: <repstopdf --outfile=sphere8-eps-converted-to.p
df sphere8.eps>
(epstopdf)             \includegraphics on input line 1325.
Package epstopdf Info: Output file is already uptodate.

<sphere8-eps-converted-to.pdf, id=641, 849.1725pt x 568.1225pt>
File: sphere8-eps-converted-to.pdf Graphic file (type pdf)

<use sphere8-eps-converted-to.pdf>
Package pdftex.def Info: sphere8-eps-converted-to.pdf used on input line 1325.
(pdftex.def)             Requested size: 406.0pt x 271.62943pt.
 [30 <./circle8n-eps-converted-to.pdf> <./sphere8-eps-converted-to.pdf>]
Package epstopdf Info: Source file: <duck_pig.eps>
(epstopdf)                    date: 2020-06-14 19:22:05
(epstopdf)                    size: 387234 bytes
(epstopdf)             Output file: <duck_pig-eps-converted-to.pdf>
(epstopdf)                    date: 2020-06-14 19:22:29
(epstopdf)                    size: 258854 bytes
(epstopdf)             Command: <repstopdf --outfile=duck_pig-eps-converted-to.
pdf duck_pig.eps>
(epstopdf)             \includegraphics on input line 1413.
Package epstopdf Info: Output file is already uptodate.

<duck_pig-eps-converted-to.pdf, id=681, 1107.13625pt x 416.55624pt>
File: duck_pig-eps-converted-to.pdf Graphic file (type pdf)

<use duck_pig-eps-converted-to.pdf>
Package pdftex.def Info: duck_pig-eps-converted-to.pdf used on input line 1413.

(pdftex.def)             Requested size: 406.0pt x 152.75682pt.


LaTeX Warning: `h' float specifier changed to `ht'.

[31] [32 <./duck_pig-eps-converted-to.pdf>]
Overfull \hbox (37.13454pt too wide) in paragraph at lines 1480--1481
\OML/cmm/m/it/10.95 ^^U\OT1/cmr/m/n/10.95 ^^E[](\OML/cmm/m/it/10.95 c[]\OT1/cmr
/m/n/10.95 (\OML/cmm/m/it/10.95 x[]\OT1/cmr/m/n/10.95 ) \OMS/cmsy/m/n/10.95 ^^@
 \OML/cmm/m/it/10.95 x[]\OT1/cmr/m/n/10.95 )$\T1/ptm/m/n/11 . We will then con-
clude that the con-ver-gence point $\OML/cmm/m/it/10.95 x[]$ \T1/ptm/m/n/11 sat
-is-fies $\OT1/cmr/m/n/10.95 ^^E[](\OML/cmm/m/it/10.95 H\OT1/cmr/m/n/10.95 (\OM
L/cmm/m/it/10.95 x[]\OT1/cmr/m/n/10.95 ))\OML/cmm/m/it/10.95 g\OT1/cmr/m/n/10.9
5 (\OML/cmm/m/it/10.95 x[]\OT1/cmr/m/n/10.95 ) =
 []

[33] [34]
LaTeX Font Info:    Font shape `T1/ptm/bx/n' in size <9> not available
(Font)              Font shape `T1/ptm/b/n' tried instead on input line 1573.

Underfull \hbox (badness 10000) in paragraph at lines 1583--1584

 []

(./Ridge-final.bbl [35] [36])
Package atveryend Info: Empty hook `BeforeClearDocument' on input line 1589.
 [37]
Package atveryend Info: Empty hook `AfterLastShipout' on input line 1589.
 (./Ridge-final.aux)
Package atveryend Info: Executing hook `AtVeryEndDocument' on input line 1589.
Package atveryend Info: Executing hook `AtEndAfterFileList' on input line 1589.

Package rerunfilecheck Info: File `Ridge-final.out' has not changed.
(rerunfilecheck)             Checksum: A899EF9D30EF63C3F83EB594A2CED20F;3129.


LaTeX Font Warning: Size substitutions with differences
(Font)              up to 0.5pt have occurred.


LaTeX Warning: There were multiply-defined labels.

 ) 
Here is how much of TeX's memory you used:
 8974 strings out of 492995
 127099 string characters out of 6132704
 219958 words of memory out of 5000000
 12172 multiletter control sequences out of 15000+600000
 62682 words of font info for 99 fonts, out of 8000000 for 9000
 1141 hyphenation exceptions out of 8191
 35i,13n,37p,1496b,518s stack positions out of 5000i,500n,10000p,200000b,80000s
{/usr/local/texlive/2017/texmf-dist/fonts/enc/dvips/base/8r.enc} </Users/dizh
eng/Library/texlive/2017/texmf-var/fonts/pk/ljfour/public/bbm/bbm10.657pk></usr
/local/texlive/2017/texmf-dist/fonts/type1/public/amsfonts/cm/cmbx10.pfb></usr/
local/texlive/2017/texmf-dist/fonts/type1/public/amsfonts/cm/cmex10.pfb></usr/l
ocal/texlive/2017/texmf-dist/fonts/type1/public/amsfonts/cmextra/cmex9.pfb></us
r/local/texlive/2017/texmf-dist/fonts/type1/public/amsfonts/cm/cmmi10.pfb></usr
/local/texlive/2017/texmf-dist/fonts/type1/public/amsfonts/cm/cmmi5.pfb></usr/l
ocal/texlive/2017/texmf-dist/fonts/type1/public/amsfonts/cm/cmmi6.pfb></usr/loc
al/texlive/2017/texmf-dist/fonts/type1/public/amsfonts/cm/cmmi8.pfb></usr/local
/texlive/2017/texmf-dist/fonts/type1/public/amsfonts/cm/cmmi9.pfb></usr/local/t
exlive/2017/texmf-dist/fonts/type1/public/amsfonts/cm/cmmib10.pfb></usr/local/t
exlive/2017/texmf-dist/fonts/type1/public/amsfonts/cmextra/cmmib8.pfb></usr/loc
al/texlive/2017/texmf-dist/fonts/type1/public/amsfonts/cm/cmr10.pfb></usr/local
/texlive/2017/texmf-dist/fonts/type1/public/amsfonts/cm/cmr5.pfb></usr/local/te
xlive/2017/texmf-dist/fonts/type1/public/amsfonts/cm/cmr8.pfb></usr/local/texli
ve/2017/texmf-dist/fonts/type1/public/amsfonts/cm/cmr9.pfb></usr/local/texlive/
2017/texmf-dist/fonts/type1/public/amsfonts/cm/cmsy10.pfb></usr/local/texlive/2
017/texmf-dist/fonts/type1/public/amsfonts/cm/cmsy5.pfb></usr/local/texlive/201
7/texmf-dist/fonts/type1/public/amsfonts/cm/cmsy8.pfb></usr/local/texlive/2017/
texmf-dist/fonts/type1/public/amsfonts/cm/cmsy9.pfb></usr/local/texlive/2017/te
xmf-dist/fonts/type1/public/amsfonts/cm/cmti10.pfb></usr/local/texlive/2017/tex
mf-dist/fonts/type1/public/amsfonts/cm/cmti7.pfb></usr/local/texlive/2017/texmf
-dist/fonts/type1/public/amsfonts/cm/cmti8.pfb></usr/local/texlive/2017/texmf-d
ist/fonts/type1/public/amsfonts/symbols/msbm10.pfb></usr/local/texlive/2017/tex
mf-dist/fonts/type1/urw/courier/ucrr8a.pfb></usr/local/texlive/2017/texmf-dist/
fonts/type1/urw/times/utmb8a.pfb></usr/local/texlive/2017/texmf-dist/fonts/type
1/urw/times/utmr8a.pfb></usr/local/texlive/2017/texmf-dist/fonts/type1/urw/time
s/utmri8a.pfb>
Output written on Ridge-final.pdf (37 pages, 1208014 bytes).
PDF statistics:
 863 PDF objects out of 1000 (max. 8388607)
 759 compressed objects within 8 object streams
 179 named destinations out of 1000 (max. 500000)
 398 words of extra memory for PDF output out of 10000 (max. 10000000)

